<?xml version="1.0" encoding="UTF-8"?>
<!-- Generated by org.testng.reporters.JUnitReportReporter -->
<testsuite hostname="dvtest" name="com.Technology.AutoIT" tests="1" failures="0" timestamp="7 Aug 2019 12:27:36 GMT" time="14.309" errors="0">
  <testcase name="autoIt" time="14.309" classname="com.Technology.AutoIT"/>
</testsuite> <!-- com.Technology.AutoIT -->
