<?xml version="1.0" encoding="UTF-8"?>
<!-- Generated by org.testng.reporters.JUnitReportReporter -->
<testsuite hostname="dvtest" name="com.TestTechnology.TestApp" tests="4" failures="0" timestamp="9 Aug 2019 13:04:48 GMT" time="6.453" errors="0">
  <testcase name="logoutPage" time="0.261" classname="com.TestTechnology.TestApp"/>
  <testcase name="verifyloginUser" time="0.031" classname="com.TestTechnology.TestApp"/>
  <testcase name="loginPage" time="0.562" classname="com.TestTechnology.TestApp"/>
  <testcase name="verifyBook" time="5.599" classname="com.TestTechnology.TestApp"/>
</testsuite> <!-- com.TestTechnology.TestApp -->
