<?xml version="1.0" encoding="UTF-8"?>
<!-- Generated by org.testng.reporters.JUnitReportReporter -->
<testsuite hostname="WIN-FHO4B32J6C9" name="com.TestTechnology.TestApp" tests="2" failures="0" timestamp="16 Aug 2019 08:40:22 GMT" time="9.537" errors="0">
  <testcase name="AddContact" time="7.188" classname="com.TestTechnology.TestApp"/>
  <testcase name="verifyCoctact" time="2.349" classname="com.TestTechnology.TestApp"/>
</testsuite> <!-- com.TestTechnology.TestApp -->
